<?xml version="1.0" encoding="UTF-8"?>
<!-- Generated by org.testng.reporters.JUnitReportReporter -->
<testsuite hostname="Yaaminee" failures="0" tests="1" name="com.Login.seleniumExample.Finalassigntwo" time="6.294" errors="0" timestamp="2024-07-17T12:57:14 EDT" skipped="0">
  <testcase classname="com.Login.seleniumExample.Finalassigntwo" name="readfromapp" time="6.294"/>
</testsuite> <!-- com.Login.seleniumExample.Finalassigntwo -->
