<?xml version="1.0" encoding="UTF-8"?>
<!-- Generated by org.testng.reporters.JUnitReportReporter -->
<testsuite hostname="Yaaminee" failures="0" tests="1" name="com.Login.seleniumExample.NewTest" time="2.300" errors="0" timestamp="2024-07-18T18:58:49 EDT" skipped="0">
  <testcase classname="com.Login.seleniumExample.NewTest" name="testTableToExcel" time="2.300"/>
</testsuite> <!-- com.Login.seleniumExample.NewTest -->
