<?xml version="1.0" encoding="UTF-8"?>
<!-- Generated by org.testng.reporters.JUnitReportReporter -->
<testsuite hostname="Yaaminee" failures="0" tests="1" name="com.Login.seleniumExample.LocatorsExample" time="9.631" errors="0" timestamp="2024-06-08T09:31:33 EDT" skipped="0">
  <testcase classname="com.Login.seleniumExample.LocatorsExample" name="openURL" time="9.631"/>
</testsuite> <!-- com.Login.seleniumExample.LocatorsExample -->
