<?xml version="1.0" encoding="UTF-8"?>
<!-- Generated by org.testng.reporters.JUnitReportReporter -->
<testsuite hostname="Yaaminee" failures="0" tests="2" name="com.Login.seleniumExample.TestNGExample" time="0.025" errors="0" timestamp="2024-06-07T00:36:11 EDT" skipped="0">
  <testcase classname="com.Login.seleniumExample.TestNGExample" name="myFirstTest" time="0.016"/>
  <testcase classname="com.Login.seleniumExample.TestNGExample" name="mySecondTest" time="0.009"/>
</testsuite> <!-- com.Login.seleniumExample.TestNGExample -->
