<?xml version="1.0" encoding="UTF-8"?>
<!-- Generated by org.testng.reporters.JUnitReportReporter -->
<testsuite hostname="Yaaminee" failures="0" tests="2" name="com.Login.seleniumExample.ExtentReportE1" time="2.684" errors="0" timestamp="2024-07-11T19:01:46 EDT" skipped="0">
  <testcase classname="com.Login.seleniumExample.ExtentReportE1" name="loginPage" time="1.440"/>
  <testcase classname="com.Login.seleniumExample.ExtentReportE1" name="loginPage2" time="1.244"/>
</testsuite> <!-- com.Login.seleniumExample.ExtentReportE1 -->
