<?xml version="1.0" encoding="UTF-8"?>
<!-- Generated by org.testng.reporters.JUnitReportReporter -->
<testsuite hostname="Yaaminee" failures="0" tests="2" name="com.Login.seleniumExample.TestNGExample2" time="0.014" errors="0" timestamp="2024-06-07T00:36:11 EDT" skipped="0">
  <testcase classname="com.Login.seleniumExample.TestNGExample2" name="myFirstTestE2" time="0.009"/>
  <testcase classname="com.Login.seleniumExample.TestNGExample2" name="mySecondTestE2" time="0.005"/>
</testsuite> <!-- com.Login.seleniumExample.TestNGExample2 -->
