<?xml version="1.0" encoding="UTF-8"?>
<!-- Generated by org.testng.reporters.JUnitReportReporter -->
<testsuite hostname="Yaaminee" failures="0" tests="1" name="com.Login.seleniumExample.Finalassignone" time="8.126" errors="0" timestamp="2024-07-16T12:51:17 EDT" skipped="0">
  <testcase classname="com.Login.seleniumExample.Finalassignone" name="readfromapp" time="8.126"/>
</testsuite> <!-- com.Login.seleniumExample.Finalassignone -->
